2024-08-08 08:16:05,442 WARNING werkzeug MainThread :  * Debugger is active!
2024-08-08 08:16:05,460 INFO werkzeug MainThread :  * Debugger PIN: 143-127-943
2024-08-08 08:16:23,213 INFO werkzeug Thread-1 :  * Detected change in 'C:\\Users\\Shad\\AppData\\Local\\Programs\\Python\\Python312\\Lib\\site-packages\\flask\\__init__.py', reloading
2024-08-08 08:16:23,280 INFO werkzeug Thread-1 :  * Detected change in 'C:\\Users\\Shad\\AppData\\Local\\Programs\\Python\\Python312\\Lib\\site-packages\\flask\\app.py', reloading
2024-08-08 08:16:25,857 WARNING werkzeug MainThread :  * Debugger is active!
2024-08-08 08:16:25,876 INFO werkzeug MainThread :  * Debugger PIN: 143-127-943
2024-08-08 08:16:26,170 INFO werkzeug Thread-1 :  * Detected change in 'C:\\Users\\Shad\\AppData\\Local\\Programs\\Python\\Python312\\Lib\\site-packages\\flask\\sansio\\scaffold.py', reloading
2024-08-08 08:16:26,256 INFO werkzeug Thread-1 :  * Detected change in 'C:\\Users\\Shad\\AppData\\Local\\Programs\\Python\\Python312\\Lib\\site-packages\\flask\\templating.py', reloading
2024-08-08 08:16:26,286 INFO werkzeug Thread-1 :  * Detected change in 'C:\\Users\\Shad\\AppData\\Local\\Programs\\Python\\Python312\\Lib\\site-packages\\jinja2\\__init__.py', reloading
2024-08-08 08:16:26,389 INFO werkzeug Thread-1 :  * Detected change in 'C:\\Users\\Shad\\AppData\\Local\\Programs\\Python\\Python312\\Lib\\site-packages\\jinja2\\environment.py', reloading
2024-08-08 08:16:26,665 INFO werkzeug Thread-1 :  * Detected change in 'C:\\Users\\Shad\\AppData\\Local\\Programs\\Python\\Python312\\Lib\\site-packages\\flask\\globals.py', reloading
2024-08-08 08:16:26,728 INFO werkzeug Thread-1 :  * Detected change in 'C:\\Users\\Shad\\AppData\\Local\\Programs\\Python\\Python312\\Lib\\site-packages\\flask\\typing.py', reloading
2024-08-08 08:16:26,840 INFO werkzeug Thread-1 :  * Detected change in 'C:\\Users\\Shad\\AppData\\Local\\Programs\\Python\\Python312\\Lib\\site-packages\\werkzeug\\sansio\\response.py', reloading
2024-08-08 08:16:26,901 INFO werkzeug Thread-1 :  * Detected change in 'C:\\Users\\Shad\\AppData\\Local\\Programs\\Python\\Python312\\Lib\\site-packages\\werkzeug\\datastructures\\__init__.py', reloading
2024-08-08 08:16:28,452 WARNING werkzeug MainThread :  * Debugger is active!
2024-08-08 08:16:28,468 INFO werkzeug MainThread :  * Debugger PIN: 143-127-943
2024-08-08 08:16:35,723 INFO werkzeug Thread-1 :  * Detected change in 'd:\\Projects\\static relocate\\app.py', reloading
2024-08-08 08:16:35,724 INFO werkzeug Thread-1 :  * Detected change in 'd:\\Projects\\static relocate\\app.py', reloading
2024-08-08 08:16:38,091 WARNING werkzeug MainThread :  * Debugger is active!
2024-08-08 08:16:38,104 INFO werkzeug MainThread :  * Debugger PIN: 143-127-943
2024-08-08 08:16:49,813 INFO werkzeug Thread-1 :  * Detected change in 'C:\\Users\\Shad\\AppData\\Local\\Programs\\Python\\Python312\\Lib\\logging\\__init__.py', reloading
2024-08-08 08:16:51,157 WARNING werkzeug MainThread :  * Debugger is active!
2024-08-08 08:16:51,180 INFO werkzeug MainThread :  * Debugger PIN: 143-127-943
2024-08-08 08:18:03,009 INFO werkzeug MainThread : [31m[1mWARNING: This is a development server. Do not use it in a production deployment. Use a production WSGI server instead.[0m
 * Running on http://127.0.0.1:5000
2024-08-08 08:18:03,010 INFO werkzeug MainThread : [33mPress CTRL+C to quit[0m
2024-08-08 08:18:03,035 INFO werkzeug MainThread :  * Restarting with watchdog (windowsapi)
2024-08-08 08:18:04,325 WARNING werkzeug MainThread :  * Debugger is active!
2024-08-08 08:18:04,337 INFO werkzeug MainThread :  * Debugger PIN: 143-127-943
2024-08-08 08:22:31,177 INFO werkzeug Thread-1 :  * Detected change in 'd:\\Projects\\static relocate\\app.py', reloading
2024-08-08 08:22:31,553 INFO werkzeug MainThread :  * Restarting with watchdog (windowsapi)
2024-08-08 08:22:32,861 WARNING werkzeug MainThread :  * Debugger is active!
2024-08-08 08:22:32,897 INFO werkzeug MainThread :  * Debugger PIN: 143-127-943
2024-08-08 08:23:01,944 INFO werkzeug Thread-1 :  * Detected change in 'd:\\Projects\\static relocate\\app.py', reloading
2024-08-08 08:23:01,946 INFO werkzeug Thread-1 :  * Detected change in 'd:\\Projects\\static relocate\\app.py', reloading
2024-08-08 08:23:02,262 INFO werkzeug MainThread :  * Restarting with watchdog (windowsapi)
